Build started 8/23/2012 10:37:30 AM.
     1>Project "c:\Users\Asus\documents\visual studio 2010\Projects\Sapper\Sapper\Sapper.vcxproj" on node 2 (build target(s)).
     1>InitializeBuildStatus:
         Creating "Debug\Sapper.unsuccessfulbuild" because "AlwaysCreate" was specified.
       ClCompile:
         C:\Program Files (x86)\Microsoft Visual Studio 10.0\VC\bin\CL.exe /c /ZI /nologo /W3 /WX- /Od /Oy- /D WIN32 /D _DEBUG /D _CONSOLE /D _UNICODE /D UNICODE /Gm /EHsc /RTC1 /MDd /GS /fp:precise /Zc:wchar_t /Zc:forScope /Fo"Debug\\" /Fd"Debug\vc100.pdb" /Gd /TP /analyze- /errorReport:prompt main.cpp
         main.cpp
     1>c:\users\asus\documents\visual studio 2010\projects\sapper\sapper\main.cpp(48): warning C4996: 'fopen': This function or variable may be unsafe. Consider using fopen_s instead. To disable deprecation, use _CRT_SECURE_NO_WARNINGS. See online help for details.
                 c:\program files (x86)\microsoft visual studio 10.0\vc\include\stdio.h(234) : see declaration of 'fopen'
     1>c:\users\asus\documents\visual studio 2010\projects\sapper\sapper\main.cpp(329): warning C4996: 'sprintf': This function or variable may be unsafe. Consider using sprintf_s instead. To disable deprecation, use _CRT_SECURE_NO_WARNINGS. See online help for details.
                 c:\program files (x86)\microsoft visual studio 10.0\vc\include\stdio.h(371) : see declaration of 'sprintf'
     1>c:\users\asus\documents\visual studio 2010\projects\sapper\sapper\main.cpp(562): warning C4996: 'sprintf': This function or variable may be unsafe. Consider using sprintf_s instead. To disable deprecation, use _CRT_SECURE_NO_WARNINGS. See online help for details.
                 c:\program files (x86)\microsoft visual studio 10.0\vc\include\stdio.h(371) : see declaration of 'sprintf'
     1>c:\users\asus\documents\visual studio 2010\projects\sapper\sapper\main.cpp(568): warning C4018: '<=' : signed/unsigned mismatch
     1>c:\users\asus\documents\visual studio 2010\projects\sapper\sapper\main.cpp(579): warning C4996: 'sprintf': This function or variable may be unsafe. Consider using sprintf_s instead. To disable deprecation, use _CRT_SECURE_NO_WARNINGS. See online help for details.
                 c:\program files (x86)\microsoft visual studio 10.0\vc\include\stdio.h(371) : see declaration of 'sprintf'
     1>c:\users\asus\documents\visual studio 2010\projects\sapper\sapper\main.cpp(583): warning C4018: '<=' : signed/unsigned mismatch
     1>c:\users\asus\documents\visual studio 2010\projects\sapper\sapper\main.cpp(594): warning C4996: 'sprintf': This function or variable may be unsafe. Consider using sprintf_s instead. To disable deprecation, use _CRT_SECURE_NO_WARNINGS. See online help for details.
                 c:\program files (x86)\microsoft visual studio 10.0\vc\include\stdio.h(371) : see declaration of 'sprintf'
     1>c:\users\asus\documents\visual studio 2010\projects\sapper\sapper\main.cpp(598): warning C4018: '<=' : signed/unsigned mismatch
     1>c:\users\asus\documents\visual studio 2010\projects\sapper\sapper\main.cpp(613): warning C4996: 'sprintf': This function or variable may be unsafe. Consider using sprintf_s instead. To disable deprecation, use _CRT_SECURE_NO_WARNINGS. See online help for details.
                 c:\program files (x86)\microsoft visual studio 10.0\vc\include\stdio.h(371) : see declaration of 'sprintf'
     1>c:\users\asus\documents\visual studio 2010\projects\sapper\sapper\main.cpp(618): warning C4018: '<=' : signed/unsigned mismatch
     1>c:\users\asus\documents\visual studio 2010\projects\sapper\sapper\main.cpp(641): warning C4996: 'sprintf': This function or variable may be unsafe. Consider using sprintf_s instead. To disable deprecation, use _CRT_SECURE_NO_WARNINGS. See online help for details.
                 c:\program files (x86)\microsoft visual studio 10.0\vc\include\stdio.h(371) : see declaration of 'sprintf'
     1>c:\users\asus\documents\visual studio 2010\projects\sapper\sapper\main.cpp(647): warning C4018: '<=' : signed/unsigned mismatch
     1>c:\users\asus\documents\visual studio 2010\projects\sapper\sapper\main.cpp(669): warning C4996: 'sprintf': This function or variable may be unsafe. Consider using sprintf_s instead. To disable deprecation, use _CRT_SECURE_NO_WARNINGS. See online help for details.
                 c:\program files (x86)\microsoft visual studio 10.0\vc\include\stdio.h(371) : see declaration of 'sprintf'
     1>c:\users\asus\documents\visual studio 2010\projects\sapper\sapper\main.cpp(671): warning C4018: '<=' : signed/unsigned mismatch
     1>c:\users\asus\documents\visual studio 2010\projects\sapper\sapper\main.cpp(694): warning C4996: 'sprintf': This function or variable may be unsafe. Consider using sprintf_s instead. To disable deprecation, use _CRT_SECURE_NO_WARNINGS. See online help for details.
                 c:\program files (x86)\microsoft visual studio 10.0\vc\include\stdio.h(371) : see declaration of 'sprintf'
     1>c:\users\asus\documents\visual studio 2010\projects\sapper\sapper\main.cpp(696): warning C4018: '<=' : signed/unsigned mismatch
     1>c:\users\asus\documents\visual studio 2010\projects\sapper\sapper\main.cpp(719): warning C4996: 'sprintf': This function or variable may be unsafe. Consider using sprintf_s instead. To disable deprecation, use _CRT_SECURE_NO_WARNINGS. See online help for details.
                 c:\program files (x86)\microsoft visual studio 10.0\vc\include\stdio.h(371) : see declaration of 'sprintf'
     1>c:\users\asus\documents\visual studio 2010\projects\sapper\sapper\main.cpp(721): warning C4018: '<=' : signed/unsigned mismatch
     1>c:\users\asus\documents\visual studio 2010\projects\sapper\sapper\main.cpp(744): warning C4996: 'sprintf': This function or variable may be unsafe. Consider using sprintf_s instead. To disable deprecation, use _CRT_SECURE_NO_WARNINGS. See online help for details.
                 c:\program files (x86)\microsoft visual studio 10.0\vc\include\stdio.h(371) : see declaration of 'sprintf'
     1>c:\users\asus\documents\visual studio 2010\projects\sapper\sapper\main.cpp(746): warning C4018: '<=' : signed/unsigned mismatch
     1>c:\users\asus\documents\visual studio 2010\projects\sapper\sapper\main.cpp(770): warning C4996: 'sprintf': This function or variable may be unsafe. Consider using sprintf_s instead. To disable deprecation, use _CRT_SECURE_NO_WARNINGS. See online help for details.
                 c:\program files (x86)\microsoft visual studio 10.0\vc\include\stdio.h(371) : see declaration of 'sprintf'
     1>c:\users\asus\documents\visual studio 2010\projects\sapper\sapper\main.cpp(776): warning C4018: '<=' : signed/unsigned mismatch
     1>c:\users\asus\documents\visual studio 2010\projects\sapper\sapper\main.cpp(787): warning C4996: 'sprintf': This function or variable may be unsafe. Consider using sprintf_s instead. To disable deprecation, use _CRT_SECURE_NO_WARNINGS. See online help for details.
                 c:\program files (x86)\microsoft visual studio 10.0\vc\include\stdio.h(371) : see declaration of 'sprintf'
     1>c:\users\asus\documents\visual studio 2010\projects\sapper\sapper\main.cpp(789): warning C4018: '<=' : signed/unsigned mismatch
     1>c:\users\asus\documents\visual studio 2010\projects\sapper\sapper\main.cpp(800): warning C4996: 'sprintf': This function or variable may be unsafe. Consider using sprintf_s instead. To disable deprecation, use _CRT_SECURE_NO_WARNINGS. See online help for details.
                 c:\program files (x86)\microsoft visual studio 10.0\vc\include\stdio.h(371) : see declaration of 'sprintf'
     1>c:\users\asus\documents\visual studio 2010\projects\sapper\sapper\main.cpp(802): warning C4018: '<=' : signed/unsigned mismatch
     1>c:\users\asus\documents\visual studio 2010\projects\sapper\sapper\main.cpp(813): warning C4996: 'sprintf': This function or variable may be unsafe. Consider using sprintf_s instead. To disable deprecation, use _CRT_SECURE_NO_WARNINGS. See online help for details.
                 c:\program files (x86)\microsoft visual studio 10.0\vc\include\stdio.h(371) : see declaration of 'sprintf'
     1>c:\users\asus\documents\visual studio 2010\projects\sapper\sapper\main.cpp(815): warning C4018: '<=' : signed/unsigned mismatch
     1>c:\users\asus\documents\visual studio 2010\projects\sapper\sapper\main.cpp(826): warning C4996: 'sprintf': This function or variable may be unsafe. Consider using sprintf_s instead. To disable deprecation, use _CRT_SECURE_NO_WARNINGS. See online help for details.
                 c:\program files (x86)\microsoft visual studio 10.0\vc\include\stdio.h(371) : see declaration of 'sprintf'
     1>c:\users\asus\documents\visual studio 2010\projects\sapper\sapper\main.cpp(828): warning C4018: '<=' : signed/unsigned mismatch
     1>c:\users\asus\documents\visual studio 2010\projects\sapper\sapper\main.cpp(839): warning C4996: 'sprintf': This function or variable may be unsafe. Consider using sprintf_s instead. To disable deprecation, use _CRT_SECURE_NO_WARNINGS. See online help for details.
                 c:\program files (x86)\microsoft visual studio 10.0\vc\include\stdio.h(371) : see declaration of 'sprintf'
     1>c:\users\asus\documents\visual studio 2010\projects\sapper\sapper\main.cpp(841): warning C4018: '<=' : signed/unsigned mismatch
     1>c:\users\asus\documents\visual studio 2010\projects\sapper\sapper\main.cpp(921): warning C4996: 'sprintf': This function or variable may be unsafe. Consider using sprintf_s instead. To disable deprecation, use _CRT_SECURE_NO_WARNINGS. See online help for details.
                 c:\program files (x86)\microsoft visual studio 10.0\vc\include\stdio.h(371) : see declaration of 'sprintf'
     1>c:\users\asus\documents\visual studio 2010\projects\sapper\sapper\main.cpp(926): warning C4018: '<=' : signed/unsigned mismatch
     1>c:\users\asus\documents\visual studio 2010\projects\sapper\sapper\main.cpp(969): warning C4996: 'sprintf': This function or variable may be unsafe. Consider using sprintf_s instead. To disable deprecation, use _CRT_SECURE_NO_WARNINGS. See online help for details.
                 c:\program files (x86)\microsoft visual studio 10.0\vc\include\stdio.h(371) : see declaration of 'sprintf'
     1>c:\users\asus\documents\visual studio 2010\projects\sapper\sapper\main.cpp(975): warning C4018: '<=' : signed/unsigned mismatch
     1>c:\users\asus\documents\visual studio 2010\projects\sapper\sapper\main.cpp(988): warning C4996: 'sprintf': This function or variable may be unsafe. Consider using sprintf_s instead. To disable deprecation, use _CRT_SECURE_NO_WARNINGS. See online help for details.
                 c:\program files (x86)\microsoft visual studio 10.0\vc\include\stdio.h(371) : see declaration of 'sprintf'
     1>c:\users\asus\documents\visual studio 2010\projects\sapper\sapper\main.cpp(994): warning C4018: '<=' : signed/unsigned mismatch
     1>c:\users\asus\documents\visual studio 2010\projects\sapper\sapper\main.cpp(1020): warning C4996: 'sprintf': This function or variable may be unsafe. Consider using sprintf_s instead. To disable deprecation, use _CRT_SECURE_NO_WARNINGS. See online help for details.
                 c:\program files (x86)\microsoft visual studio 10.0\vc\include\stdio.h(371) : see declaration of 'sprintf'
     1>c:\users\asus\documents\visual studio 2010\projects\sapper\sapper\main.cpp(1022): warning C4018: '<=' : signed/unsigned mismatch
     1>c:\users\asus\documents\visual studio 2010\projects\sapper\sapper\main.cpp(1035): warning C4996: 'sprintf': This function or variable may be unsafe. Consider using sprintf_s instead. To disable deprecation, use _CRT_SECURE_NO_WARNINGS. See online help for details.
                 c:\program files (x86)\microsoft visual studio 10.0\vc\include\stdio.h(371) : see declaration of 'sprintf'
     1>c:\users\asus\documents\visual studio 2010\projects\sapper\sapper\main.cpp(1041): warning C4018: '<=' : signed/unsigned mismatch
     1>c:\users\asus\documents\visual studio 2010\projects\sapper\sapper\main.cpp(1199): warning C4996: 'sprintf': This function or variable may be unsafe. Consider using sprintf_s instead. To disable deprecation, use _CRT_SECURE_NO_WARNINGS. See online help for details.
                 c:\program files (x86)\microsoft visual studio 10.0\vc\include\stdio.h(371) : see declaration of 'sprintf'
     1>c:\users\asus\documents\visual studio 2010\projects\sapper\sapper\main.cpp(1201): warning C4996: 'sprintf': This function or variable may be unsafe. Consider using sprintf_s instead. To disable deprecation, use _CRT_SECURE_NO_WARNINGS. See online help for details.
                 c:\program files (x86)\microsoft visual studio 10.0\vc\include\stdio.h(371) : see declaration of 'sprintf'
     1>c:\users\asus\documents\visual studio 2010\projects\sapper\sapper\main.cpp(1229): warning C4996: 'sprintf': This function or variable may be unsafe. Consider using sprintf_s instead. To disable deprecation, use _CRT_SECURE_NO_WARNINGS. See online help for details.
                 c:\program files (x86)\microsoft visual studio 10.0\vc\include\stdio.h(371) : see declaration of 'sprintf'
     1>c:\users\asus\documents\visual studio 2010\projects\sapper\sapper\main.cpp(1231): warning C4996: 'sprintf': This function or variable may be unsafe. Consider using sprintf_s instead. To disable deprecation, use _CRT_SECURE_NO_WARNINGS. See online help for details.
                 c:\program files (x86)\microsoft visual studio 10.0\vc\include\stdio.h(371) : see declaration of 'sprintf'
     1>c:\users\asus\documents\visual studio 2010\projects\sapper\sapper\main.cpp(1295): warning C4996: 'sprintf': This function or variable may be unsafe. Consider using sprintf_s instead. To disable deprecation, use _CRT_SECURE_NO_WARNINGS. See online help for details.
                 c:\program files (x86)\microsoft visual studio 10.0\vc\include\stdio.h(371) : see declaration of 'sprintf'
     1>c:\users\asus\documents\visual studio 2010\projects\sapper\sapper\main.cpp(1320): warning C4996: 'sprintf': This function or variable may be unsafe. Consider using sprintf_s instead. To disable deprecation, use _CRT_SECURE_NO_WARNINGS. See online help for details.
                 c:\program files (x86)\microsoft visual studio 10.0\vc\include\stdio.h(371) : see declaration of 'sprintf'
       ManifestResourceCompile:
         All outputs are up-to-date.
       Link:
         C:\Program Files (x86)\Microsoft Visual Studio 10.0\VC\bin\link.exe /ERRORREPORT:PROMPT /OUT:"c:\users\asus\documents\visual studio 2010\Projects\Sapper\Debug\Sapper.exe" /INCREMENTAL /NOLOGO kernel32.lib user32.lib gdi32.lib winspool.lib comdlg32.lib advapi32.lib shell32.lib ole32.lib oleaut32.lib uuid.lib odbc32.lib odbccp32.lib /MANIFEST /ManifestFile:"Debug\Sapper.exe.intermediate.manifest" /MANIFESTUAC:"level='asInvoker' uiAccess='false'" /DEBUG /PDB:"c:\users\asus\documents\visual studio 2010\Projects\Sapper\Debug\Sapper.pdb" /SUBSYSTEM:CONSOLE /TLBID:1 /DYNAMICBASE /NXCOMPAT /IMPLIB:"c:\users\asus\documents\visual studio 2010\Projects\Sapper\Debug\Sapper.lib" /MACHINE:X86 Debug\Sapper.exe.embed.manifest.res
         Debug\main.obj
       Manifest:
         C:\Program Files (x86)\Microsoft SDKs\Windows\v7.0A\bin\mt.exe /nologo /verbose /out:"Debug\Sapper.exe.embed.manifest" /manifest Debug\Sapper.exe.intermediate.manifest
         All outputs are up-to-date.
       LinkEmbedManifest:
         All outputs are up-to-date.
         Sapper.vcxproj -> c:\users\asus\documents\visual studio 2010\Projects\Sapper\Debug\Sapper.exe
       FinalizeBuildStatus:
         Deleting file "Debug\Sapper.unsuccessfulbuild".
         Touching "Debug\Sapper.lastbuildstate".
     1>Done Building Project "c:\Users\Asus\documents\visual studio 2010\Projects\Sapper\Sapper\Sapper.vcxproj" (build target(s)).

Build succeeded.

Time Elapsed 00:00:00.88
